[20/07/2016 19:18] d3fin3d(154387845459607553) deleted 1 messages containing 'nigga' in channel dev
[20/07/2016 19:19] d3fin3d(154387845459607553) deleted 2 messages containing 'nigga' in channel dev
[20/07/2016 19:22] d3fin3d(154387845459607553) deleted 2 messages in channel dev
[21/07/2016 18:52] d3fin3d(154387845459607553) deleted 2 messages in channel general
[21/07/2016 21:00] d3fin3d(154387845459607553) deleted 5 messages in channel bot-chat
[27/07/2016 17:19] d3fin3d(154387845459607553) deleted 5 messages in channel general
[02/08/2016 19:04] d3fin3d(154387845459607553) deleted 2 messages in channel news
[04/08/2016 20:38] d3fin3d(154387845459607553) deleted 10 messages in channel battletags
[04/08/2016 20:38] d3fin3d(154387845459607553) deleted 9 messages in channel battletags
[05/08/2016 14:56] d3fin3d(154387845459607553) deleted 2 messages in channel battletags
[05/08/2016 17:21] d3fin3d(154387845459607553) deleted 5 messages in channel general
[06/08/2016 01:15] d3fin3d(154387845459607553) deleted 5 messages in channel lfg-tournament
[12/08/2016 02:32] d3fin3d(154387845459607553) deleted 2 messages in channel general
[12/08/2016 02:33] Misspotayto(194865267644301312) deleted 3 messages in channel dev
[12/08/2016 03:39] d3fin3d(154387845459607553) deleted 15 messages in channel mercys-laboratory
[12/08/2016 12:50] d3fin3d(154387845459607553) deleted 90 messages in channel mercys-laboratory
[12/08/2016 12:50] d3fin3d(154387845459607553) deleted 30 messages in channel mercys-laboratory
[12/08/2016 12:50] d3fin3d(154387845459607553) deleted 6 messages in channel mercys-laboratory
[16/08/2016 12:44] d3fin3d(154387845459607553) deleted 2 messages in channel news
[17/08/2016 05:05] Misspotayto(194865267644301312) deleted 11 messages in channel moderator
[17/08/2016 23:51] Misspotayto(194865267644301312) deleted 33 messages in channel staff
[17/08/2016 23:51] Misspotayto(194865267644301312) deleted 30 messages in channel staff
[18/08/2016 03:08] d3fin3d(154387845459607553) deleted 7 messages in channel lfg-qp
[19/08/2016 23:07] Misspotayto(194865267644301312) deleted 20 messages in channel general
[21/08/2016 05:32] Misspotayto(194865267644301312) deleted 15 messages in channel veteran
[28/08/2016 17:47] d3fin3d(154387845459607553) deleted 6 messages in channel general
[28/08/2016 17:48] d3fin3d(154387845459607553) deleted 2 messages in channel general
[28/08/2016 18:25] d3fin3d(154387845459607553) deleted 2 messages in channel mercys-laboratory
[28/08/2016 22:35] Misspotayto(194865267644301312) deleted 10 messages in channel veteran
[29/08/2016 01:45] d3fin3d(154387845459607553) deleted 5 messages in channel veteran
[29/08/2016 19:21] Misspotayto(194865267644301312) deleted 20 messages in channel veteran
[30/08/2016 15:17] d3fin3d(154387845459607553) deleted 7 messages in channel staff
