[07/06/2016 18:58] d3fin3d (154387845459607553) set a reminder.
[29/06/2016 10:54] d3fin3d (154387845459607553) set a reminder.
[12/07/2016 21:52] Misspotayto (194865267644301312) set a reminder.
[13/07/2016 23:11] Dstroy (139385147396063232) set a reminder.
[13/07/2016 23:21] ooboo_ooboo (84293507681914880) set a reminder.
[21/07/2016 20:28] d3fin3d (154387845459607553) set a reminder.
[21/07/2016 20:29] Misspotayto (194865267644301312) set a reminder.
[01/08/2016 20:55] d3fin3d (154387845459607553) set a reminder.
[01/08/2016 21:02] Cyphon (186835826699665409) set a reminder.
[02/08/2016 06:08] Misspotayto (194865267644301312) set a reminder.
[02/08/2016 06:09] Misspotayto (194865267644301312) set a reminder.
[02/08/2016 14:35] Misspotayto (194865267644301312) set a reminder.
[02/08/2016 21:08] Misspotayto (194865267644301312) set a reminder.
[03/08/2016 07:19] Misspotayto (194865267644301312) set a reminder.
[03/08/2016 07:25] Misspotayto (194865267644301312) set a reminder.
[03/08/2016 07:32] Misspotayto (194865267644301312) set a reminder.
[05/08/2016 00:26] Misspotayto (194865267644301312) set a reminder.
[05/08/2016 00:29] d3fin3d (154387845459607553) set a reminder.
[05/08/2016 00:31] chenicus (202843738765131776) set a reminder.
[05/08/2016 14:55] SpiritoftheWest (165197119920013312) set a reminder.
[05/08/2016 15:23] Misspotayto (194865267644301312) set a reminder.
[08/08/2016 23:09] Misspotayto (194865267644301312) set a reminder.
[09/08/2016 23:16] Cyphon (186835826699665409) set a reminder.
[10/08/2016 05:22] TitanAndWire (122798134089875456) set a reminder.
[10/08/2016 05:23] Misspotayto (194865267644301312) set a reminder.
[11/08/2016 01:12] Misspotayto (194865267644301312) set a reminder.
[11/08/2016 10:13] MajesticSausage (188667428824154112) set a reminder.
[11/08/2016 10:49] d3fin3d (154387845459607553) set a reminder.
[11/08/2016 10:53] d3fin3d (154387845459607553) set a reminder.
[11/08/2016 13:32] Nova_Zembla (160064799663849472) set a reminder.
[13/08/2016 06:21] Misspotayto (194865267644301312) set a reminder.
[13/08/2016 06:40] Big Daddy (176840186968276993) set a reminder.
[17/08/2016 22:20] Cyphon (186835826699665409) set a reminder.
[18/08/2016 16:55] Misspotayto (194865267644301312) set a reminder.
[19/08/2016 08:00] Nop0x (105952058867257344) set a reminder.
[24/08/2016 05:00] Big Daddy (176840186968276993) set a reminder.
[24/08/2016 20:35] Misspotayto (194865267644301312) set a reminder.
[25/08/2016 00:02] Big Daddy (176840186968276993) set a reminder.
[25/08/2016 00:32] HippieByDay (140688851961118720) set a reminder.
[25/08/2016 03:34] Big Daddy (176840186968276993) set a reminder.
[25/08/2016 15:51] WGJS (210992205853229056) set a reminder.
[25/08/2016 15:51] WGJS (210992205853229056) set a reminder.
[25/08/2016 15:52] Misspotayto (194865267644301312) set a reminder.
[25/08/2016 15:53] d3fin3d (154387845459607553) set a reminder.
[25/08/2016 18:37] Misspotayto (194865267644301312) set a reminder.
[25/08/2016 22:13] Misspotayto (194865267644301312) set a reminder.
[25/08/2016 22:43] Wilhelm (193069314402811905) set a reminder.
[25/08/2016 22:43] Juanh3lm (210889587755712514) set a reminder.
[25/08/2016 22:44] Wilhelm (193069314402811905) set a reminder.
[25/08/2016 22:45] Wilhelm (193069314402811905) set a reminder.
[25/08/2016 23:22] Ferrius (121284625501782018) set a reminder.
[26/08/2016 00:25] Ferrius (121284625501782018) set a reminder.
[26/08/2016 02:03] Ferrius (121284625501782018) set a reminder.
[26/08/2016 06:24] Misspotayto (194865267644301312) set a reminder.
[26/08/2016 12:23] Ferrius (121284625501782018) set a reminder.
[26/08/2016 12:24] Nom (207530312232599553) set a reminder.
[26/08/2016 13:39] Ferrius (121284625501782018) set a reminder.
[26/08/2016 19:07] Ferrius (121284625501782018) set a reminder.
[27/08/2016 05:25] WGJS (210992205853229056) set a reminder.
[28/08/2016 01:05] GrandAdmiral (212909551010316298) set a reminder.
[28/08/2016 01:06] CatACookie (194950953802268672) set a reminder.
[28/08/2016 01:06] Nikovei (116284276898660355) set a reminder.
[28/08/2016 03:42] Cyphon (186835826699665409) set a reminder.
[28/08/2016 13:06] GrandAdmiral (212909551010316298) set a reminder.
[28/08/2016 13:18] Nimehr (196304053725167616) set a reminder.
[28/08/2016 14:57] Nimehr (196304053725167616) set a reminder.
[30/08/2016 20:12] Misspotayto (194865267644301312) set a reminder.
[31/08/2016 04:20] Ferrius (121284625501782018) set a reminder.
